This is pdfTeXk, Version 3.141592-1.40.3 (Web2C 7.5.6) (format=pdflatex 2007.9.26)  13 DEC 2007 13:03
entering extended mode
\write18 enabled.
 %&-line parsing enabled.
**index.tex
(./index.tex
LaTeX2e <2005/12/01>
Babel <v3.8h> and hyphenation patterns for english, usenglishmax, dumylang, noh
yphenation, basque, german, ngerman, danish, spanish, catalan, galician, finnis
h, french, hungarian, italian, dutch, norsk, polish, portuguese, swedish, ukeng
lish, loaded.
(/usr/local/texlive/2007basic/texmf-dist/tex/latex/base/article.cls
Document Class: article 2005/09/16 v1.4f Standard LaTeX document class
(/usr/local/texlive/2007basic/texmf-dist/tex/latex/base/size11.clo
File: size11.clo 2005/09/16 v1.4f Standard LaTeX file (size option)
)
\c@part=\count79
\c@section=\count80
\c@subsection=\count81
\c@subsubsection=\count82
\c@paragraph=\count83
\c@subparagraph=\count84
\c@figure=\count85
\c@table=\count86
\abovecaptionskip=\skip41
\belowcaptionskip=\skip42
\bibindent=\dimen102
)
(/usr/local/texlive/2007basic/texmf-dist/tex/latex/geometry/geometry.sty
Package: geometry 2002/07/08 v3.2 Page Geometry

(/usr/local/texlive/2007basic/texmf-dist/tex/latex/graphics/keyval.sty
Package: keyval 1999/03/16 v1.13 key=value parser (DPC)
\KV@toks@=\toks14
)
\Gm@cnth=\count87
\Gm@cntv=\count88
\c@Gm@tempcnt=\count89
\Gm@bindingoffset=\dimen103
\Gm@wd@mp=\dimen104
\Gm@odd@mp=\dimen105
\Gm@even@mp=\dimen106
\Gm@dimlist=\toks15

(/usr/local/texlive/2007basic/texmf-dist/tex/xelatex/xetexconfig/geometry.cfg))
(../../doublespace.sty)
(/usr/local/texlive/2007basic/texmf-dist/tex/latex/graphics/graphicx.sty
Package: graphicx 1999/02/16 v1.0f Enhanced LaTeX Graphics (DPC,SPQR)

(/usr/local/texlive/2007basic/texmf-dist/tex/latex/graphics/graphics.sty
Package: graphics 2006/02/20 v1.0o Standard LaTeX Graphics (DPC,SPQR)

(/usr/local/texlive/2007basic/texmf-dist/tex/latex/graphics/trig.sty
Package: trig 1999/03/16 v1.09 sin cos tan (DPC)
)
(/usr/local/texlive/2007basic/texmf/tex/latex/config/graphics.cfg
File: graphics.cfg 2007/01/18 v1.5 graphics configuration of teTeX/TeXLive
)
Package graphics Info: Driver file: pdftex.def on input line 90.

(/usr/local/texlive/2007basic/texmf-dist/tex/latex/pdftex-def/pdftex.def
File: pdftex.def 2007/06/12 v0.04h Graphics/color for pdfTeX
\Gread@gobject=\count90
))
\Gin@req@height=\dimen107
\Gin@req@width=\dimen108
)
(/usr/local/texlive/2007basic/texmf-dist/tex/latex/amsfonts/amssymb.sty
Package: amssymb 2002/01/22 v2.2d

(/usr/local/texlive/2007basic/texmf-dist/tex/latex/amsfonts/amsfonts.sty
Package: amsfonts 2001/10/25 v2.2f
\@emptytoks=\toks16
\symAMSa=\mathgroup4
\symAMSb=\mathgroup5
LaTeX Font Info:    Overwriting math alphabet `\mathfrak' in version `bold'
(Font)                  U/euf/m/n --> U/euf/b/n on input line 132.
))
(/usr/local/texlive/2007basic/texmf-dist/tex/latex/oberdiek/epstopdf.sty
Package: epstopdf 2007/04/26 v1.4 Conversion with epstopdf on the fly (HO)
)
(/usr/local/texlive/2007basic/texmf-dist/tex/latex/listings/listings.sty
\lst@mode=\count91
\lst@gtempboxa=\box26
\lst@token=\toks17
\lst@length=\count92
\lst@currlwidth=\dimen109
\lst@column=\count93
\lst@pos=\count94
\lst@lostspace=\dimen110
\lst@width=\dimen111
\lst@newlines=\count95
\lst@lineno=\count96
\lst@maxwidth=\dimen112

(/usr/local/texlive/2007basic/texmf-dist/tex/latex/listings/lstmisc.sty
File: lstmisc.sty 2004/09/07 1.3 (Carsten Heinz)
\c@lstnumber=\count97
\lst@skipnumbers=\count98
\lst@framebox=\box27
)
(/usr/local/texlive/2007basic/texmf-dist/tex/latex/listings/listings.cfg
File: listings.cfg 2004/09/05 1.3 listings configuration
))
Package: listings 2004/09/07 1.3 (Carsten Heinz)

(../../algorithm.sty

LaTeX Warning: You have requested package `../../algorithm',
               but the package provides `algorithm'.

Package: algorithm 
Document Style `algorithm' - floating environment
(/usr/local/texlive/2007basic/texmf-dist/tex/latex/float/float.sty
Package: float 2001/11/08 v1.3d Float enhancements (AL)
\c@float@type=\count99
\float@exts=\toks18
\float@box=\box28
\@float@everytoks=\toks19
\@floatcapt=\box29
)
(/usr/local/texlive/2007basic/texmf-dist/tex/latex/base/ifthen.sty
Package: ifthen 2001/05/26 v1.1c Standard LaTeX ifthen package (DPC)
)
\@float@every@algorithm=\toks20
\c@algorithm=\count100
)
(../../algorithmic.sty

LaTeX Warning: You have requested package `../../algorithmic',
               but the package provides `algorithmic'.

Package: algorithmic 
Document Style `algorithmic' - environment
(/usr/local/texlive/2007basic/texmf-dist/tex/latex/tools/calc.sty
Package: calc 2005/08/06 v4.2 Infix arithmetic (KKT,FJ)
\calc@Acount=\count101
\calc@Bcount=\count102
\calc@Adimen=\dimen113
\calc@Bdimen=\dimen114
\calc@Askip=\skip43
\calc@Bskip=\skip44
LaTeX Info: Redefining \setlength on input line 75.
LaTeX Info: Redefining \addtolength on input line 76.
\calc@Ccount=\count103
\calc@Cskip=\skip45
)
\c@ALC@line=\count104
\c@ALC@rem=\count105
\ALC@tlm=\skip46
)
\c@thm=\count106

(./index.aux

LaTeX Warning: Label `kMeansOuterLoop' multiply defined.

)
\openout1 = `index.aux'.

LaTeX Font Info:    Checking defaults for OML/cmm/m/it on input line 24.
LaTeX Font Info:    ... okay on input line 24.
LaTeX Font Info:    Checking defaults for T1/cmr/m/n on input line 24.
LaTeX Font Info:    ... okay on input line 24.
LaTeX Font Info:    Checking defaults for OT1/cmr/m/n on input line 24.
LaTeX Font Info:    ... okay on input line 24.
LaTeX Font Info:    Checking defaults for OMS/cmsy/m/n on input line 24.
LaTeX Font Info:    ... okay on input line 24.
LaTeX Font Info:    Checking defaults for OMX/cmex/m/n on input line 24.
LaTeX Font Info:    ... okay on input line 24.
LaTeX Font Info:    Checking defaults for U/cmr/m/n on input line 24.
LaTeX Font Info:    ... okay on input line 24.
-------------------- Geometry parameters
paper: letterpaper
landscape: --
twocolumn: --
twoside: --
asymmetric: --
h-parts: 92.14519pt, 0.7\paperwidth , 92.14519pt (default)
v-parts: 95.39737pt, 0.7\paperheight , 143.09605pt (default)
hmarginratio: 1:1
vmarginratio: 2:3
lines: --
heightrounded: --
bindingoffset: 0.0pt
truedimen: --
includehead: --
includefoot: --
includemp: --
driver: pdftex
-------------------- Page layout dimensions and switches
\paperwidth  614.295pt
\paperheight 794.96999pt
\textwidth  430.00462pt
\textheight 556.47656pt
\oddsidemargin  19.8752pt
\evensidemargin 19.8752pt
\topmargin  -13.87262pt
\headheight 12.0pt
\headsep    25.0pt
\footskip   30.0pt
\marginparwidth 59.0pt
\marginparsep   10.0pt
\columnsep  10.0pt
\skip\footins  20.0pt plus 4.0pt minus 4.0pt
\hoffset 0.0pt
\voffset 0.0pt
\mag 1000

(1in=72.27pt, 1cm=28.45pt)
-----------------------
 (/usr/local/texlive/2007basic/texmf-dist/tex/context/base/supp-pdf.tex
[Loading MPS to PDF converter (version 2006.09.02).]
\scratchcounter=\count107
\scratchdimen=\dimen115
\scratchbox=\box30
\nofMPsegments=\count108
\nofMParguments=\count109
\MPscratchCnt=\count110
\MPscratchDim=\dimen116
\MPnumerator=\count111
\everyMPtoPDFconversion=\toks21
)
\c@lstlisting=\count112
LaTeX Font Info:    Try loading font information for U+msa on input line 34.
 (/usr/local/texlive/2007basic/texmf-dist/tex/latex/amsfonts/umsa.fd
File: umsa.fd 2002/01/19 v2.2g AMS font definitions
)
LaTeX Font Info:    Try loading font information for U+msb on input line 34.

(/usr/local/texlive/2007basic/texmf-dist/tex/latex/amsfonts/umsb.fd
File: umsb.fd 2002/01/19 v2.2g AMS font definitions
)
<kMeansOuterLoop.jpg, id=1, 663.9204pt x 485.6544pt>
File: kMeansOuterLoop.jpg Graphic file (type jpg)
 <use kMeansOuterLoop.jpg>
<kMeansInnerLoop.jpg, id=2, 697.6464pt x 548.2884pt>
File: kMeansInnerLoop.jpg Graphic file (type jpg)
 <use kMeansInnerLoop.jpg>
Overfull \hbox (3.61537pt too wide) in paragraph at lines 69--70
 [][] 
 []

No file index.bbl.
[1

{/usr/local/texlive/2007basic/texmf-var/fonts/map/pdftex/updmap/pdftex.map}]
[2 <./kMeansOuterLoop.jpg>] [3 <./kMeansInnerLoop.jpg>] (./index.aux)

LaTeX Warning: There were multiply-defined labels.

 ) 
Here is how much of TeX's memory you used:
 3036 strings out of 94808
 41787 string characters out of 1176128
 93772 words of memory out of 1500000
 6230 multiletter control sequences out of 10000+50000
 9210 words of font info for 35 fonts, out of 1200000 for 2000
 182 hyphenation exceptions out of 8191
 26i,5n,32p,247b,427s stack positions out of 5000i,500n,6000p,200000b,5000s
</usr/local/texlive/2007basic/texmf-dist/fonts/type1/bluesky/cm/cmbx10.pfb></
usr/local/texlive/2007basic/texmf-dist/fonts/type1/bluesky/cm/cmbx12.pfb></usr/
local/texlive/2007basic/texmf-dist/fonts/type1/bluesky/cm/cmmi10.pfb></usr/loca
l/texlive/2007basic/texmf-dist/fonts/type1/bluesky/cm/cmmi8.pfb></usr/local/tex
live/2007basic/texmf-dist/fonts/type1/bluesky/cm/cmr10.pfb></usr/local/texlive/
2007basic/texmf-dist/fonts/type1/bluesky/cm/cmsy10.pfb></usr/local/texlive/2007
basic/texmf-dist/fonts/type1/bluesky/cm/cmsy8.pfb>
Output written on index.pdf (3 pages, 537395 bytes).
PDF statistics:
 42 PDF objects out of 1000 (max. 8388607)
 0 named destinations out of 1000 (max. 131072)
 11 words of extra memory for PDF output out of 10000 (max. 10000000)

