This is pdfTeXk, Version 3.141592-1.40.3 (Web2C 7.5.6) (format=pdflatex 2007.5.18)  10 DEC 2007 21:37
entering extended mode
\write18 enabled.
 %&-line parsing enabled.
**normalEstimators.tex
(./normalEstimators.tex
LaTeX2e <2005/12/01>
Babel <v3.8h> and hyphenation patterns for english, usenglishmax, dumylang, noh
yphenation, arabic, basque, bulgarian, coptic, welsh, czech, slovak, german, ng
erman, danish, esperanto, spanish, catalan, galician, estonian, farsi, finnish,
 french, greek, monogreek, ancientgreek, croatian, hungarian, interlingua, ibyc
us, indonesian, icelandic, italian, latin, mongolian, dutch, norsk, polish, por
tuguese, pinyin, romanian, russian, slovenian, uppersorbian, serbian, swedish, 
turkish, ukenglish, ukrainian, loaded.
(/usr/local/texlive/2007/texmf-dist/tex/latex/base/article.cls
Document Class: article 2005/09/16 v1.4f Standard LaTeX document class
(/usr/local/texlive/2007/texmf-dist/tex/latex/base/size11.clo
File: size11.clo 2005/09/16 v1.4f Standard LaTeX file (size option)
)
\c@part=\count79
\c@section=\count80
\c@subsection=\count81
\c@subsubsection=\count82
\c@paragraph=\count83
\c@subparagraph=\count84
\c@figure=\count85
\c@table=\count86
\abovecaptionskip=\skip41
\belowcaptionskip=\skip42
\bibindent=\dimen102
)
(/usr/local/texlive/2007/texmf-dist/tex/latex/geometry/geometry.sty
Package: geometry 2002/07/08 v3.2 Page Geometry

(/usr/local/texlive/2007/texmf-dist/tex/latex/graphics/keyval.sty
Package: keyval 1999/03/16 v1.13 key=value parser (DPC)
\KV@toks@=\toks14
)
\Gm@cnth=\count87
\Gm@cntv=\count88
\c@Gm@tempcnt=\count89
\Gm@bindingoffset=\dimen103
\Gm@wd@mp=\dimen104
\Gm@odd@mp=\dimen105
\Gm@even@mp=\dimen106
\Gm@dimlist=\toks15

(/usr/local/texlive/2007/texmf-dist/tex/xelatex/xetexconfig/geometry.cfg))
(./doublespace.sty)
(/usr/local/texlive/2007/texmf-dist/tex/latex/graphics/graphicx.sty
Package: graphicx 1999/02/16 v1.0f Enhanced LaTeX Graphics (DPC,SPQR)

(/usr/local/texlive/2007/texmf-dist/tex/latex/graphics/graphics.sty
Package: graphics 2006/02/20 v1.0o Standard LaTeX Graphics (DPC,SPQR)

(/usr/local/texlive/2007/texmf-dist/tex/latex/graphics/trig.sty
Package: trig 1999/03/16 v1.09 sin cos tan (DPC)
)
(/usr/local/texlive/2007/texmf/tex/latex/config/graphics.cfg
File: graphics.cfg 2007/01/18 v1.5 graphics configuration of teTeX/TeXLive
)
Package graphics Info: Driver file: pdftex.def on input line 90.

(/usr/local/texlive/2007/texmf-dist/tex/latex/pdftex-def/pdftex.def
File: pdftex.def 2007/01/08 v0.04d Graphics/color for pdfTeX
\Gread@gobject=\count90
))
\Gin@req@height=\dimen107
\Gin@req@width=\dimen108
)
(/usr/local/texlive/2007/texmf-dist/tex/latex/amsfonts/amssymb.sty
Package: amssymb 2002/01/22 v2.2d

(/usr/local/texlive/2007/texmf-dist/tex/latex/amsfonts/amsfonts.sty
Package: amsfonts 2001/10/25 v2.2f
\@emptytoks=\toks16
\symAMSa=\mathgroup4
\symAMSb=\mathgroup5
LaTeX Font Info:    Overwriting math alphabet `\mathfrak' in version `bold'
(Font)                  U/euf/m/n --> U/euf/b/n on input line 132.
))
(/usr/local/texlive/2007/texmf-dist/tex/latex/oberdiek/epstopdf.sty
Package: epstopdf 2006/08/26 v1.3 Conversion with epstopdf on the fly (HO)
)
(/usr/local/texlive/2007/texmf-dist/tex/latex/listings/listings.sty
\lst@mode=\count91
\lst@gtempboxa=\box26
\lst@token=\toks17
\lst@length=\count92
\lst@currlwidth=\dimen109
\lst@column=\count93
\lst@pos=\count94
\lst@lostspace=\dimen110
\lst@width=\dimen111
\lst@newlines=\count95
\lst@lineno=\count96
\c@lstlisting=\count97
\lst@maxwidth=\dimen112

(/usr/local/texlive/2007/texmf-dist/tex/latex/listings/lstpatch.sty
File: lstpatch.sty 2004/10/17 1.3b (Carsten Heinz)
)
(/usr/local/texlive/2007/texmf-dist/tex/latex/listings/lstmisc.sty
File: lstmisc.sty 2004/09/07 1.3 (Carsten Heinz)
\c@lstnumber=\count98
\lst@skipnumbers=\count99
\lst@framebox=\box27
)
(/usr/local/texlive/2007/texmf-dist/tex/latex/listings/listings.cfg
File: listings.cfg 2004/09/05 1.3 listings configuration
))
Package: listings 2004/10/17 1.3b (Carsten Heinz)

(/usr/local/texlive/2007/texmf-dist/tex/latex/algorithms/algorithm.sty
Package: algorithm 

Document Style `algorithm' - floating environment
(/usr/local/texlive/2007/texmf-dist/tex/latex/float/float.sty
Package: float 2001/11/08 v1.3d Float enhancements (AL)
\c@float@type=\count100
\float@exts=\toks18
\float@box=\box28
\@float@everytoks=\toks19
\@floatcapt=\box29
)
(/usr/local/texlive/2007/texmf-dist/tex/latex/base/ifthen.sty
Package: ifthen 2001/05/26 v1.1c Standard LaTeX ifthen package (DPC)
)
\@float@every@algorithm=\toks20
\c@algorithm=\count101
)
(/usr/local/texlive/2007/texmf-dist/tex/latex/algorithms/algorithmic.sty
Package: algorithmic 2006/06/02

Document Style `algorithmic' - environment
(/usr/local/texlive/2007/texmf-dist/tex/latex/tools/calc.sty
Package: calc 2005/08/06 v4.2 Infix arithmetic (KKT,FJ)
\calc@Acount=\count102
\calc@Bcount=\count103
\calc@Adimen=\dimen113
\calc@Bdimen=\dimen114
\calc@Askip=\skip43
\calc@Bskip=\skip44
LaTeX Info: Redefining \setlength on input line 75.
LaTeX Info: Redefining \addtolength on input line 76.
\calc@Ccount=\count104
\calc@Cskip=\skip45
)
\c@ALC@line=\count105
\c@ALC@rem=\count106
\c@ALC@depth=\count107
\ALC@tlm=\skip46
\algorithmicindent=\skip47
)
\c@thm=\count108

(./normalEstimators.aux

LaTeX Warning: Label `downsampled-pca-quartz-composer-green-channel-blended' mu
ltiply defined.


LaTeX Warning: Label `downsampled-pca-quartz-composer' multiply defined.

)
\openout1 = `normalEstimators.aux'.

LaTeX Font Info:    Checking defaults for OML/cmm/m/it on input line 30.
LaTeX Font Info:    ... okay on input line 30.
LaTeX Font Info:    Checking defaults for T1/cmr/m/n on input line 30.
LaTeX Font Info:    ... okay on input line 30.
LaTeX Font Info:    Checking defaults for OT1/cmr/m/n on input line 30.
LaTeX Font Info:    ... okay on input line 30.
LaTeX Font Info:    Checking defaults for OMS/cmsy/m/n on input line 30.
LaTeX Font Info:    ... okay on input line 30.
LaTeX Font Info:    Checking defaults for OMX/cmex/m/n on input line 30.
LaTeX Font Info:    ... okay on input line 30.
LaTeX Font Info:    Checking defaults for U/cmr/m/n on input line 30.
LaTeX Font Info:    ... okay on input line 30.
-------------------- Geometry parameters
paper: letterpaper
landscape: --
twocolumn: --
twoside: --
asymmetric: --
h-parts: 92.14519pt, 0.7\paperwidth , 92.14519pt (default)
v-parts: 95.39737pt, 0.7\paperheight , 143.09605pt (default)
hmarginratio: 1:1
vmarginratio: 2:3
lines: --
heightrounded: --
bindingoffset: 0.0pt
truedimen: --
includehead: --
includefoot: --
includemp: --
driver: pdftex
-------------------- Page layout dimensions and switches
\paperwidth  614.295pt
\paperheight 794.96999pt
\textwidth  430.00462pt
\textheight 556.47656pt
\oddsidemargin  19.8752pt
\evensidemargin 19.8752pt
\topmargin  -13.87262pt
\headheight 12.0pt
\headsep    25.0pt
\footskip   30.0pt
\marginparwidth 59.0pt
\marginparsep   10.0pt
\columnsep  10.0pt
\skip\footins  20.0pt plus 4.0pt minus 4.0pt
\hoffset 0.0pt
\voffset 0.0pt
\mag 1000

(1in=72.27pt, 1cm=28.45pt)
-----------------------
 (/usr/local/texlive/2007/texmf-dist/tex/context/base/supp-pdf.tex
[Loading MPS to PDF converter (version 2006.09.02).]
\scratchcounter=\count109
\scratchdimen=\dimen115
\scratchbox=\box30
\nofMPsegments=\count110
\nofMParguments=\count111
\MPscratchCnt=\count112
\MPscratchDim=\dimen116
\MPnumerator=\count113
\everyMPtoPDFconversion=\toks21
)
LaTeX Font Info:    Try loading font information for U+msa on input line 31.
 (/usr/local/texlive/2007/texmf-dist/tex/latex/amsfonts/umsa.fd
File: umsa.fd 2002/01/19 v2.2g AMS font definitions
)
LaTeX Font Info:    Try loading font information for U+msb on input line 31.

(/usr/local/texlive/2007/texmf-dist/tex/latex/amsfonts/umsb.fd
File: umsb.fd 2002/01/19 v2.2g AMS font definitions
)
LaTeX Font Info:    Try loading font information for OMS+cmr on input line 42.

(/usr/local/texlive/2007/texmf-dist/tex/latex/base/omscmr.fd
File: omscmr.fd 1999/05/25 v2.5h Standard LaTeX font definitions
)
LaTeX Font Info:    Font shape `OMS/cmr/m/n' in size <10.95> not available
(Font)              Font shape `OMS/cmsy/m/n' tried instead on input line 42.
 [1

{/usr/local/texlive/2007/texmf-var/fonts/map/pdftex/updmap/pdftex.map}]
Overfull \hbox (2.79352pt too wide) in paragraph at lines 46--47
[]\OT1/cmr/m/n/10.95 Use Prin-ci-pal Com-po-nent Anal-y-sis (PCA) in com-bi-na-
tion with the Whiten-
 []


LaTeX Warning: Citation `yamazaki98introduction' on page 2 undefined on input l
ine 55.

[2] [3] [4] [5]

LaTeX Warning: Citation `moon-stirling-book' on page 6 undefined on input line 
108.

[6] [7]

LaTeX Warning: Citation `apple-accelerate-framework' on page 8 undefined on inp
ut line 150.

[8] [9]

LaTeX Warning: Citation `schaums-linear-algebra' on page 10 undefined on input 
line 174.

[10]

LaTeX Warning: Citation `schaums-linear-algebra' on page 11 undefined on input 
line 219.


LaTeX Warning: Citation `schaums-linear-algebra' on page 11 undefined on input 
line 231.


LaTeX Warning: Citation `apple-accelerate-framework' on page 11 undefined on in
put line 233.

[11] [12]

LaTeX Warning: Citation `duda-hart-stork' on page 13 undefined on input line 26
8.


LaTeX Warning: Citation `duda-hart-stork' on page 13 undefined on input line 27
6.


LaTeX Warning: Citation `duda-hart-stork' on page 13 undefined on input line 28
6.

[13]

LaTeX Warning: Citation `yamazaki98introduction' on page 14 undefined on input 
line 305.

[14] [15]

LaTeX Warning: Citation `appo-ica-book' on page 16 undefined on input line 363.


[16] [17] [18]

LaTeX Warning: Citation `appo-ica-book' on page 19 undefined on input line 455.


[19] [20] [21]

LaTeX Warning: Citation `appo-ica-book' on page 22 undefined on input line 529.



LaTeX Warning: Citation `appo-ica-book' on page 22 undefined on input line 533.


[22]

LaTeX Warning: Citation `appo-ica-book' on page 23 undefined on input line 591.


[23] [24] [25] [26] <flowersMDA.pdf, id=99, 608.2725pt x 492.84125pt>
File: flowersMDA.pdf Graphic file (type pdf)

<use flowersMDA.pdf> [27 <./flowersMDA.pdf>]
<plot.png, id=156, 642.4pt x 481.8pt>
File: plot.png Graphic file (type png)
 <use plot.png>
<probability.png, id=157, 642.4pt x 481.8pt>
File: probability.png Graphic file (type png)
 <use probability.png> [28 <./plot.png (PNG copy)>] [29 <./probability.png (PNG
 copy)>]
<emComponentSelection.pdf, id=166, 295.1025pt x 199.74625pt>
File: emComponentSelection.pdf Graphic file (type pdf)

<use emComponentSelection.pdf>
<segmentsPanel.png, id=167, 361.35pt x 262.9825pt>
File: segmentsPanel.png Graphic file (type png)
 <use segmentsPanel.png>
[30 <./emComponentSelection.pdf> <./segmentsPanel.png (PNG copy)>] [31]

LaTeX Warning: Reference `lst_computeEM' on page 32 undefined on input line 728
.

[32] [33] <fiveEmSegments.png, id=254, 537.6888pt x 306.4248pt>
File: fiveEmSegments.png Graphic file (type png)

<use fiveEmSegments.png>
Overfull \hbox (3.61537pt too wide) in paragraph at lines 754--755
 [][] 
 []

[34] [35 <./fiveEmSegments.png (PNG copy)>] [36] [37] [38] [39]
<pca-attempt-downsample.jpg, id=274, 1062.8508pt x 760.2804pt>
File: pca-attempt-downsample.jpg Graphic file (type jpg)

<use pca-attempt-downsample.jpg>
<lowerEyeRedChannel.pdf, id=275, 2283.53125pt x 584.1825pt>
File: lowerEyeRedChannel.pdf Graphic file (type pdf)

<use lowerEyeRedChannel.pdf>
<eye-lower-green-channel-blended.pdf, id=276, 2928.9425pt x 694.595pt>
File: eye-lower-green-channel-blended.pdf Graphic file (type pdf)

<use eye-lower-green-channel-blended.pdf>
<red-channel-upper16.pdf, id=277, 1537.745pt x 1185.42876pt>
File: red-channel-upper16.pdf Graphic file (type pdf)

<use red-channel-upper16.pdf> [40 <./pca-attempt-downsample.jpg> <./lowerEyeRed
Channel.pdf>] [41 <./eye-lower-green-channel-blended.pdf> <./red-channel-upper1
6.pdf>] <ica-downsample.pdf, id=343, 1180.41pt x 741.77126pt>
File: ica-downsample.pdf Graphic file (type pdf)

<use ica-downsample.pdf>
Overfull \hbox (3.61537pt too wide) in paragraph at lines 886--887
 [][] 
 []

<ica-downsample-eye.pdf, id=344, 1341.01pt x 1172.38pt>
File: ica-downsample-eye.pdf Graphic file (type pdf)

<use ica-downsample-eye.pdf>
Overfull \hbox (3.61537pt too wide) in paragraph at lines 895--897
 [][] 
 []

[42] [43 <./ica-downsample.pdf>] [44 <./ica-downsample-eye.pdf>] [45] [46]
[47] [48] <gso-qc-fundamental-core.jpg, id=397, 1252.68pt x 524.96124pt>
File: gso-qc-fundamental-core.jpg Graphic file (type jpg)

<use gso-qc-fundamental-core.jpg>
<neighborhoodArrangement.jpg, id=398, 289.08pt x 226.446pt>
File: neighborhoodArrangement.jpg Graphic file (type jpg)

<use neighborhoodArrangement.jpg> [49] [50 <./gso-qc-fundamental-core.jpg> <./n
eighborhoodArrangement.jpg>] [51]
<neighborhoodSum.jpg, id=409, 666.8112pt x 171.5208pt>
File: neighborhoodSum.jpg Graphic file (type jpg)

<use neighborhoodSum.jpg>
<neighborhoodMean.jpg, id=410, 654.2844pt x 91.542pt>
File: neighborhoodMean.jpg Graphic file (type jpg)

<use neighborhoodMean.jpg>
<neighborhoodInnerProduct.jpg, id=411, 713.064pt x 268.8444pt>
File: neighborhoodInnerProduct.jpg Graphic file (type jpg)

<use neighborhoodInnerProduct.jpg>
<neighborhoodNorms.jpg, id=412, 693.792pt x 157.0668pt>
File: neighborhoodNorms.jpg Graphic file (type jpg)

<use neighborhoodNorms.jpg>
<gso-subtract.jpg, id=413, 661.9932pt x 347.8596pt>
File: gso-subtract.jpg Graphic file (type jpg)
 <use gso-subtract.jpg>
<neighborhoodICA.jpg, id=414, 706.3188pt x 319.9152pt>
File: neighborhoodICA.jpg Graphic file (type jpg)

<use neighborhoodICA.jpg> [52 <./neighborhoodSum.jpg> <./neighborhoodMean.jpg>]
[53 <./neighborhoodInnerProduct.jpg> <./neighborhoodNorms.jpg> <./gso-subtract.
jpg>] [54 <./neighborhoodICA.jpg>] [55] [56]
<controlLoopGSO.jpg, id=431, 1361.5668pt x 648.5028pt>
File: controlLoopGSO.jpg Graphic file (type jpg)

<use controlLoopGSO.jpg>
Overfull \hbox (3.61537pt too wide) in paragraph at lines 1070--1071
 [][] 
 []

[57 <./controlLoopGSO.jpg>] [58]
Overfull \hbox (75.89064pt too wide) in paragraph at lines 1126--1127
[][][][][][][][][][][][][][][][][][][][][] 
 []


Overfull \hbox (56.18044pt too wide) in paragraph at lines 1128--1130
[][][][][][][][][][][][][][][][][][] 
 []

[59]
Overfull \hbox (89.03078pt too wide) in paragraph at lines 1136--1137
[][][][][][][][][][][][][][][] 
 []


Overfull \hbox (62.7505pt too wide) in paragraph at lines 1140--1141
[][][][][][][][][][][][][][][][][][][] 
 []


Overfull \hbox (10.18996pt too wide) in paragraph at lines 1144--1145
[][][][][][][][][][][][][][] 
 []


Overfull \hbox (36.47023pt too wide) in paragraph at lines 1145--1146
[][][][][][][][][][][][][][][] 
 []


Overfull \hbox (10.18996pt too wide) in paragraph at lines 1151--1152
[][][][][][][][][][][][][][][][][] 
 []

[60]
Overfull \hbox (3.61989pt too wide) in paragraph at lines 1154--1155
[][][][][][][][][][][][][][] 
 []


Overfull \hbox (16.76003pt too wide) in paragraph at lines 1155--1156
[][][][][][][][][][][][][][][][][][][][][] 
 []

(/usr/local/texlive/2007/texmf-dist/tex/latex/listings/lstlang1.sty
File: lstlang1.sty 2004/09/05 1.3 listings language file
)
(/usr/local/texlive/2007/texmf-dist/tex/latex/listings/lstlang1.sty
File: lstlang1.sty 2004/09/05 1.3 listings language file
)
(/usr/local/texlive/2007/texmf-dist/tex/latex/listings/lstmisc.sty
File: lstmisc.sty 2004/09/07 1.3 (Carsten Heinz)
) [61]
LaTeX Font Info:    Font shape `OMS/cmr/m/it' in size <10.95> not available
(Font)              Font shape `OMS/cmsy/m/n' tried instead on input line 1177.


Overfull \hbox (3.61989pt too wide) in paragraph at lines 1180--1181
[][][][][][][][][][][][][][][][][] 
 []


Overfull \hbox (29.90016pt too wide) in paragraph at lines 1181--1182
[][][][][][][][][][][][][][][][][] 
 []


Overfull \hbox (49.61037pt too wide) in paragraph at lines 1182--1183
[][][][][][][][][][][][][][][][][] 
 []

LaTeX Font Info:    Try loading font information for OML+cmr on input line 1190
.
(/usr/local/texlive/2007/texmf-dist/tex/latex/base/omlcmr.fd
File: omlcmr.fd 1999/05/25 v2.5h Standard LaTeX font definitions
)
LaTeX Font Info:    Font shape `OML/cmr/m/n' in size <10.95> not available
(Font)              Font shape `OML/cmm/m/it' tried instead on input line 1190.

 [62] [63]
Overfull \hbox (16.76003pt too wide) in paragraph at lines 1221--1222
[][][][][][][][][][][][][][][][][][][][][][][][][][][][][][][][][][][][]
 []

[64] [65]
Overfull \hbox (89.03078pt too wide) in paragraph at lines 1271--1272
[][][][][][][][][][][][][][][][][][][][][][][][][][][] 
 []

[66] [67] [68] [69] [70] [71] [72]
<estimators.pdf, id=482, 549.05125pt x 434.62375pt>
File: estimators.pdf Graphic file (type pdf)
 <use estimators.pdf>
[73] [74 <./estimators.pdf>]

LaTeX Warning: Citation `appo-ica-book' on page 75 undefined on input line 1454
.


LaTeX Warning: Citation `appo-ica-book' on page 75 undefined on input line 1469
.

[75]

LaTeX Warning: Citation `appo-ica-book' on page 76 undefined on input line 1479
.


Overfull \hbox (1.84668pt too wide) in paragraph at lines 1487--1488
[]\OT1/cmr/m/it/10.95 An ef-fi-cient es-ti-ma-tor pro-vides the small-est er-ro
r co-vari-ance ma-trix among
 []


LaTeX Warning: Citation `appo-ica-book' on page 76 undefined on input line 1489
.


LaTeX Warning: Citation `appo-ica-book' on page 76 undefined on input line 1503
.

[76]

LaTeX Warning: Citation `appo-ica-book' on page 77 undefined on input line 1512
.


LaTeX Warning: Citation `wolfram-mathworld-least-squares' on page 77 undefined 
on input line 1523.

[77] [78]

LaTeX Warning: Citation `appo-ica-book' on page 79 undefined on input line 1575
.

[79] [80]

LaTeX Warning: Citation `moon-stirling-book' on page 81 undefined on input line
 1614.

[81]

LaTeX Warning: Reference `negentropy' on page 82 undefined on input line 1640.

[82]

LaTeX Warning: Citation `appo-ica-book' on page 83 undefined on input line 1649
.

[83]
No file normalEstimators.bbl.
[84] (./normalEstimators.aux)

LaTeX Warning: There were undefined references.


LaTeX Warning: There were multiply-defined labels.

 ) 
Here is how much of TeX's memory you used:
 3645 strings out of 94073
 52519 string characters out of 1162984
 101945 words of memory out of 1500000
 6870 multiletter control sequences out of 10000+50000
 13040 words of font info for 48 fonts, out of 1200000 for 2000
 645 hyphenation exceptions out of 8191
 34i,12n,60p,1648b,1548s stack positions out of 5000i,500n,6000p,200000b,5000s
</usr/local/texlive/2007/texmf-dist/fonts/type1/bluesky/cm/cmbx10.pfb></usr/l
ocal/texlive/2007/texmf-dist/fonts/type1/bluesky/cm/cmbx12.pfb></usr/local/texl
ive/2007/texmf-dist/fonts/type1/bluesky/cm/cmbx8.pfb></usr/local/texlive/2007/t
exmf-dist/fonts/type1/bluesky/cm/cmbxti10.pfb></usr/local/texlive/2007/texmf-di
st/fonts/type1/bluesky/cm/cmex10.pfb></usr/local/texlive/2007/texmf-dist/fonts/
type1/bluesky/cm/cmmi10.pfb></usr/local/texlive/2007/texmf-dist/fonts/type1/blu
esky/cm/cmmi6.pfb></usr/local/texlive/2007/texmf-dist/fonts/type1/bluesky/cm/cm
mi8.pfb></usr/local/texlive/2007/texmf-dist/fonts/type1/bluesky/cm/cmr10.pfb></
usr/local/texlive/2007/texmf-dist/fonts/type1/bluesky/cm/cmr12.pfb></usr/local/
texlive/2007/texmf-dist/fonts/type1/bluesky/cm/cmr17.pfb></usr/local/texlive/20
07/texmf-dist/fonts/type1/bluesky/cm/cmr6.pfb></usr/local/texlive/2007/texmf-di
st/fonts/type1/bluesky/cm/cmr8.pfb></usr/local/texlive/2007/texmf-dist/fonts/ty
pe1/bluesky/cm/cmsl10.pfb></usr/local/texlive/2007/texmf-dist/fonts/type1/blues
ky/cm/cmsy10.pfb></usr/local/texlive/2007/texmf-dist/fonts/type1/bluesky/cm/cms
y8.pfb></usr/local/texlive/2007/texmf-dist/fonts/type1/bluesky/cm/cmti10.pfb>
Output written on normalEstimators.pdf (84 pages, 9128115 bytes).
PDF statistics:
 632 PDF objects out of 1000 (max. 8388607)
 0 named destinations out of 1000 (max. 131072)
 111 words of extra memory for PDF output out of 10000 (max. 10000000)

