This is pdfTeXk, Version 3.141592-1.40.3 (Web2C 7.5.6) (format=pdflatex 2007.5.18)  14 NOV 2007 13:14
entering extended mode
\write18 enabled.
 %&-line parsing enabled.
**index.tex
(./index.tex
LaTeX2e <2005/12/01>
Babel <v3.8h> and hyphenation patterns for english, usenglishmax, dumylang, noh
yphenation, arabic, basque, bulgarian, coptic, welsh, czech, slovak, german, ng
erman, danish, esperanto, spanish, catalan, galician, estonian, farsi, finnish,
 french, greek, monogreek, ancientgreek, croatian, hungarian, interlingua, ibyc
us, indonesian, icelandic, italian, latin, mongolian, dutch, norsk, polish, por
tuguese, pinyin, romanian, russian, slovenian, uppersorbian, serbian, swedish, 
turkish, ukenglish, ukrainian, loaded.
(/usr/local/texlive/2007/texmf-dist/tex/latex/base/article.cls
Document Class: article 2005/09/16 v1.4f Standard LaTeX document class
(/usr/local/texlive/2007/texmf-dist/tex/latex/base/size12.clo
File: size12.clo 2005/09/16 v1.4f Standard LaTeX file (size option)
)
\c@part=\count79
\c@section=\count80
\c@subsection=\count81
\c@subsubsection=\count82
\c@paragraph=\count83
\c@subparagraph=\count84
\c@figure=\count85
\c@table=\count86
\abovecaptionskip=\skip41
\belowcaptionskip=\skip42
\bibindent=\dimen102
)
(/usr/local/texlive/2007/texmf-dist/tex/latex/base/inputenc.sty
Package: inputenc 2006/05/05 v1.1b Input encoding file
\inpenc@prehook=\toks14
\inpenc@posthook=\toks15

(/usr/local/texlive/2007/texmf-dist/tex/latex/base/utf8.def
File: utf8.def 2006/03/30 v1.1i UTF-8 support for inputenc
Now handling font encoding OML ...
... no UTF-8 mapping file for font encoding OML
Now handling font encoding T1 ...
... processing UTF-8 mapping file for font encodingT1

(/usr/local/texlive/2007/texmf-dist/tex/latex/base/t1enc.dfu
File: t1enc.dfu 2006/03/30 v1.1i UTF-8 support for inputenc
   defining Unicode char U+00A1 (decimal 161)
   defining Unicode char U+00A3 (decimal 163)
   defining Unicode char U+00AB (decimal 171)
   defining Unicode char U+00BB (decimal 187)
   defining Unicode char U+00BF (decimal 191)
   defining Unicode char U+00C0 (decimal 192)
   defining Unicode char U+00C1 (decimal 193)
   defining Unicode char U+00C2 (decimal 194)
   defining Unicode char U+00C3 (decimal 195)
   defining Unicode char U+00C4 (decimal 196)
   defining Unicode char U+00C5 (decimal 197)
   defining Unicode char U+00C6 (decimal 198)
   defining Unicode char U+00C7 (decimal 199)
   defining Unicode char U+00C8 (decimal 200)
   defining Unicode char U+00C9 (decimal 201)
   defining Unicode char U+00CA (decimal 202)
   defining Unicode char U+00CB (decimal 203)
   defining Unicode char U+00CC (decimal 204)
   defining Unicode char U+00CD (decimal 205)
   defining Unicode char U+00CE (decimal 206)
   defining Unicode char U+00CF (decimal 207)
   defining Unicode char U+00D0 (decimal 208)
   defining Unicode char U+00D1 (decimal 209)
   defining Unicode char U+00D2 (decimal 210)
   defining Unicode char U+00D3 (decimal 211)
   defining Unicode char U+00D4 (decimal 212)
   defining Unicode char U+00D5 (decimal 213)
   defining Unicode char U+00D6 (decimal 214)
   defining Unicode char U+00D8 (decimal 216)
   defining Unicode char U+00D9 (decimal 217)
   defining Unicode char U+00DA (decimal 218)
   defining Unicode char U+00DB (decimal 219)
   defining Unicode char U+00DC (decimal 220)
   defining Unicode char U+00DD (decimal 221)
   defining Unicode char U+00DE (decimal 222)
   defining Unicode char U+00DF (decimal 223)
   defining Unicode char U+00E0 (decimal 224)
   defining Unicode char U+00E1 (decimal 225)
   defining Unicode char U+00E2 (decimal 226)
   defining Unicode char U+00E3 (decimal 227)
   defining Unicode char U+00E4 (decimal 228)
   defining Unicode char U+00E5 (decimal 229)
   defining Unicode char U+00E6 (decimal 230)
   defining Unicode char U+00E7 (decimal 231)
   defining Unicode char U+00E8 (decimal 232)
   defining Unicode char U+00E9 (decimal 233)
   defining Unicode char U+00EA (decimal 234)
   defining Unicode char U+00EB (decimal 235)
   defining Unicode char U+00EC (decimal 236)
   defining Unicode char U+00ED (decimal 237)
   defining Unicode char U+00EE (decimal 238)
   defining Unicode char U+00EF (decimal 239)
   defining Unicode char U+00F0 (decimal 240)
   defining Unicode char U+00F1 (decimal 241)
   defining Unicode char U+00F2 (decimal 242)
   defining Unicode char U+00F3 (decimal 243)
   defining Unicode char U+00F4 (decimal 244)
   defining Unicode char U+00F5 (decimal 245)
   defining Unicode char U+00F6 (decimal 246)
   defining Unicode char U+00F8 (decimal 248)
   defining Unicode char U+00F9 (decimal 249)
   defining Unicode char U+00FA (decimal 250)
   defining Unicode char U+00FB (decimal 251)
   defining Unicode char U+00FC (decimal 252)
   defining Unicode char U+00FD (decimal 253)
   defining Unicode char U+00FE (decimal 254)
   defining Unicode char U+00FF (decimal 255)
   defining Unicode char U+0102 (decimal 258)
   defining Unicode char U+0103 (decimal 259)
   defining Unicode char U+0104 (decimal 260)
   defining Unicode char U+0105 (decimal 261)
   defining Unicode char U+0106 (decimal 262)
   defining Unicode char U+0107 (decimal 263)
   defining Unicode char U+010C (decimal 268)
   defining Unicode char U+010D (decimal 269)
   defining Unicode char U+010E (decimal 270)
   defining Unicode char U+010F (decimal 271)
   defining Unicode char U+0110 (decimal 272)
   defining Unicode char U+0111 (decimal 273)
   defining Unicode char U+0118 (decimal 280)
   defining Unicode char U+0119 (decimal 281)
   defining Unicode char U+011A (decimal 282)
   defining Unicode char U+011B (decimal 283)
   defining Unicode char U+011E (decimal 286)
   defining Unicode char U+011F (decimal 287)
   defining Unicode char U+0130 (decimal 304)
   defining Unicode char U+0131 (decimal 305)
   defining Unicode char U+0132 (decimal 306)
   defining Unicode char U+0133 (decimal 307)
   defining Unicode char U+0139 (decimal 313)
   defining Unicode char U+013A (decimal 314)
   defining Unicode char U+013D (decimal 317)
   defining Unicode char U+013E (decimal 318)
   defining Unicode char U+0141 (decimal 321)
   defining Unicode char U+0142 (decimal 322)
   defining Unicode char U+0143 (decimal 323)
   defining Unicode char U+0144 (decimal 324)
   defining Unicode char U+0147 (decimal 327)
   defining Unicode char U+0148 (decimal 328)
   defining Unicode char U+014A (decimal 330)
   defining Unicode char U+014B (decimal 331)
   defining Unicode char U+0150 (decimal 336)
   defining Unicode char U+0151 (decimal 337)
   defining Unicode char U+0152 (decimal 338)
   defining Unicode char U+0153 (decimal 339)
   defining Unicode char U+0154 (decimal 340)
   defining Unicode char U+0155 (decimal 341)
   defining Unicode char U+0158 (decimal 344)
   defining Unicode char U+0159 (decimal 345)
   defining Unicode char U+015A (decimal 346)
   defining Unicode char U+015B (decimal 347)
   defining Unicode char U+015E (decimal 350)
   defining Unicode char U+015F (decimal 351)
   defining Unicode char U+0160 (decimal 352)
   defining Unicode char U+0161 (decimal 353)
   defining Unicode char U+0162 (decimal 354)
   defining Unicode char U+0163 (decimal 355)
   defining Unicode char U+0164 (decimal 356)
   defining Unicode char U+0165 (decimal 357)
   defining Unicode char U+016E (decimal 366)
   defining Unicode char U+016F (decimal 367)
   defining Unicode char U+0170 (decimal 368)
   defining Unicode char U+0171 (decimal 369)
   defining Unicode char U+0178 (decimal 376)
   defining Unicode char U+0179 (decimal 377)
   defining Unicode char U+017A (decimal 378)
   defining Unicode char U+017B (decimal 379)
   defining Unicode char U+017C (decimal 380)
   defining Unicode char U+017D (decimal 381)
   defining Unicode char U+017E (decimal 382)
   defining Unicode char U+200C (decimal 8204)
   defining Unicode char U+2013 (decimal 8211)
   defining Unicode char U+2014 (decimal 8212)
   defining Unicode char U+2018 (decimal 8216)
   defining Unicode char U+2019 (decimal 8217)
   defining Unicode char U+201A (decimal 8218)
   defining Unicode char U+201C (decimal 8220)
   defining Unicode char U+201D (decimal 8221)
   defining Unicode char U+201E (decimal 8222)
   defining Unicode char U+2030 (decimal 8240)
   defining Unicode char U+2031 (decimal 8241)
   defining Unicode char U+2039 (decimal 8249)
   defining Unicode char U+203A (decimal 8250)
   defining Unicode char U+2423 (decimal 9251)
)
Now handling font encoding OT1 ...
... processing UTF-8 mapping file for font encodingOT1

(/usr/local/texlive/2007/texmf-dist/tex/latex/base/ot1enc.dfu
File: ot1enc.dfu 2006/03/30 v1.1i UTF-8 support for inputenc
   defining Unicode char U+00A1 (decimal 161)
   defining Unicode char U+00A3 (decimal 163)
   defining Unicode char U+00B8 (decimal 184)
   defining Unicode char U+00BF (decimal 191)
   defining Unicode char U+00C5 (decimal 197)
   defining Unicode char U+00C6 (decimal 198)
   defining Unicode char U+00D8 (decimal 216)
   defining Unicode char U+00DF (decimal 223)
   defining Unicode char U+00E6 (decimal 230)
   defining Unicode char U+00EC (decimal 236)
   defining Unicode char U+00ED (decimal 237)
   defining Unicode char U+00EE (decimal 238)
   defining Unicode char U+00EF (decimal 239)
   defining Unicode char U+00F8 (decimal 248)
   defining Unicode char U+0131 (decimal 305)
   defining Unicode char U+0141 (decimal 321)
   defining Unicode char U+0142 (decimal 322)
   defining Unicode char U+0152 (decimal 338)
   defining Unicode char U+0153 (decimal 339)
   defining Unicode char U+2013 (decimal 8211)
   defining Unicode char U+2014 (decimal 8212)
   defining Unicode char U+2018 (decimal 8216)
   defining Unicode char U+2019 (decimal 8217)
   defining Unicode char U+201C (decimal 8220)
   defining Unicode char U+201D (decimal 8221)
)
Now handling font encoding OMS ...
... processing UTF-8 mapping file for font encodingOMS

(/usr/local/texlive/2007/texmf-dist/tex/latex/base/omsenc.dfu
File: omsenc.dfu 2006/03/30 v1.1i UTF-8 support for inputenc
   defining Unicode char U+00A7 (decimal 167)
   defining Unicode char U+00B6 (decimal 182)
   defining Unicode char U+00B7 (decimal 183)
   defining Unicode char U+2020 (decimal 8224)
   defining Unicode char U+2021 (decimal 8225)
   defining Unicode char U+2022 (decimal 8226)
)
Now handling font encoding OMX ...
... no UTF-8 mapping file for font encoding OMX
Now handling font encoding U ...
... no UTF-8 mapping file for font encoding U
   defining Unicode char U+00A9 (decimal 169)
   defining Unicode char U+00AA (decimal 170)
   defining Unicode char U+00AE (decimal 174)
   defining Unicode char U+00BA (decimal 186)
   defining Unicode char U+02C6 (decimal 710)
   defining Unicode char U+02DC (decimal 732)
   defining Unicode char U+200C (decimal 8204)
   defining Unicode char U+2026 (decimal 8230)
   defining Unicode char U+2122 (decimal 8482)
   defining Unicode char U+2423 (decimal 9251)
))
(/usr/local/texlive/2007/texmf-dist/tex/latex/preprint/fullpage.sty
Package: fullpage 1999/02/23 1.1 (PWD)
\FP@margin=\skip43
)
(/usr/local/texlive/2007/texmf-dist/tex/latex/amsmath/amsmath.sty
Package: amsmath 2000/07/18 v2.13 AMS math features
\@mathmargin=\skip44

For additional information on amsmath, use the `?' option.
(/usr/local/texlive/2007/texmf-dist/tex/latex/amsmath/amstext.sty
Package: amstext 2000/06/29 v2.01

(/usr/local/texlive/2007/texmf-dist/tex/latex/amsmath/amsgen.sty
File: amsgen.sty 1999/11/30 v2.0
\@emptytoks=\toks16
\ex@=\dimen103
))
(/usr/local/texlive/2007/texmf-dist/tex/latex/amsmath/amsbsy.sty
Package: amsbsy 1999/11/29 v1.2d
\pmbraise@=\dimen104
)
(/usr/local/texlive/2007/texmf-dist/tex/latex/amsmath/amsopn.sty
Package: amsopn 1999/12/14 v2.01 operator names
)
\inf@bad=\count87
LaTeX Info: Redefining \frac on input line 211.
\uproot@=\count88
\leftroot@=\count89
LaTeX Info: Redefining \overline on input line 307.
\classnum@=\count90
\DOTSCASE@=\count91
LaTeX Info: Redefining \ldots on input line 379.
LaTeX Info: Redefining \dots on input line 382.
LaTeX Info: Redefining \cdots on input line 467.
\Mathstrutbox@=\box26
\strutbox@=\box27
\big@size=\dimen105
LaTeX Font Info:    Redeclaring font encoding OML on input line 567.
LaTeX Font Info:    Redeclaring font encoding OMS on input line 568.
\macc@depth=\count92
\c@MaxMatrixCols=\count93
\dotsspace@=\muskip10
\c@parentequation=\count94
\dspbrk@lvl=\count95
\tag@help=\toks17
\row@=\count96
\column@=\count97
\maxfields@=\count98
\andhelp@=\toks18
\eqnshift@=\dimen106
\alignsep@=\dimen107
\tagshift@=\dimen108
\tagwidth@=\dimen109
\totwidth@=\dimen110
\lineht@=\dimen111
\@envbody=\toks19
\multlinegap=\skip45
\multlinetaggap=\skip46
\mathdisplay@stack=\toks20
LaTeX Info: Redefining \[ on input line 2666.
LaTeX Info: Redefining \] on input line 2667.
)
(/usr/local/texlive/2007/texmf-dist/tex/latex/amsfonts/amssymb.sty
Package: amssymb 2002/01/22 v2.2d

(/usr/local/texlive/2007/texmf-dist/tex/latex/amsfonts/amsfonts.sty
Package: amsfonts 2001/10/25 v2.2f
\symAMSa=\mathgroup4
\symAMSb=\mathgroup5
LaTeX Font Info:    Overwriting math alphabet `\mathfrak' in version `bold'
(Font)                  U/euf/m/n --> U/euf/b/n on input line 132.
))
(/usr/local/texlive/2007/texmf-dist/tex/latex/amscls/amsthm.sty
Package: amsthm 2004/08/06 v2.20
\thm@style=\toks21
\thm@bodyfont=\toks22
\thm@headfont=\toks23
\thm@notefont=\toks24
\thm@headpunct=\toks25
\thm@preskip=\skip47
\thm@postskip=\skip48
\thm@headsep=\skip49
\dth@everypar=\toks26
)
(/usr/local/texlive/2007/texmf-dist/tex/latex/algorithms/algorithm.sty
Package: algorithm 

Document Style `algorithm' - floating environment
(/usr/local/texlive/2007/texmf-dist/tex/latex/float/float.sty
Package: float 2001/11/08 v1.3d Float enhancements (AL)
\c@float@type=\count99
\float@exts=\toks27
\float@box=\box28
\@float@everytoks=\toks28
\@floatcapt=\box29
)
(/usr/local/texlive/2007/texmf-dist/tex/latex/base/ifthen.sty
Package: ifthen 2001/05/26 v1.1c Standard LaTeX ifthen package (DPC)
)
\@float@every@algorithm=\toks29
\c@algorithm=\count100
)
(/usr/local/texlive/2007/texmf-dist/tex/latex/algorithms/algorithmic.sty
Package: algorithmic 2006/06/02

Document Style `algorithmic' - environment
(/usr/local/texlive/2007/texmf-dist/tex/latex/tools/calc.sty
Package: calc 2005/08/06 v4.2 Infix arithmetic (KKT,FJ)
\calc@Acount=\count101
\calc@Bcount=\count102
\calc@Adimen=\dimen112
\calc@Bdimen=\dimen113
\calc@Askip=\skip50
\calc@Bskip=\skip51
LaTeX Info: Redefining \setlength on input line 75.
LaTeX Info: Redefining \addtolength on input line 76.
\calc@Ccount=\count103
\calc@Cskip=\skip52
)
(/usr/local/texlive/2007/texmf-dist/tex/latex/graphics/keyval.sty
Package: keyval 1999/03/16 v1.13 key=value parser (DPC)
\KV@toks@=\toks30
)
\c@ALC@line=\count104
\c@ALC@rem=\count105
\c@ALC@depth=\count106
\ALC@tlm=\skip53
\algorithmicindent=\skip54
)
(./doublespace.sty)
(/usr/local/texlive/2007/texmf-dist/tex/latex/graphics/graphicx.sty
Package: graphicx 1999/02/16 v1.0f Enhanced LaTeX Graphics (DPC,SPQR)

(/usr/local/texlive/2007/texmf-dist/tex/latex/graphics/graphics.sty
Package: graphics 2006/02/20 v1.0o Standard LaTeX Graphics (DPC,SPQR)

(/usr/local/texlive/2007/texmf-dist/tex/latex/graphics/trig.sty
Package: trig 1999/03/16 v1.09 sin cos tan (DPC)
)
(/usr/local/texlive/2007/texmf/tex/latex/config/graphics.cfg
File: graphics.cfg 2007/01/18 v1.5 graphics configuration of teTeX/TeXLive
)
Package graphics Info: Driver file: pdftex.def on input line 90.

(/usr/local/texlive/2007/texmf-dist/tex/latex/pdftex-def/pdftex.def
File: pdftex.def 2007/01/08 v0.04d Graphics/color for pdfTeX
\Gread@gobject=\count107
))
\Gin@req@height=\dimen114
\Gin@req@width=\dimen115
)
\c@thm=\count108

(/usr/local/texlive/2007/texmf-dist/tex/latex/ltxmisc/boxedminipage.sty)
(/usr/local/texlive/2007/texmf-dist/tex/latex/listings/listings.sty
\lst@mode=\count109
\lst@gtempboxa=\box30
\lst@token=\toks31
\lst@length=\count110
\lst@currlwidth=\dimen116
\lst@column=\count111
\lst@pos=\count112
\lst@lostspace=\dimen117
\lst@width=\dimen118
\lst@newlines=\count113
\lst@lineno=\count114
\c@lstlisting=\count115
\lst@maxwidth=\dimen119

(/usr/local/texlive/2007/texmf-dist/tex/latex/listings/lstpatch.sty
File: lstpatch.sty 2004/10/17 1.3b (Carsten Heinz)
)
(/usr/local/texlive/2007/texmf-dist/tex/latex/listings/lstmisc.sty
File: lstmisc.sty 2004/09/07 1.3 (Carsten Heinz)
\c@lstnumber=\count116
\lst@skipnumbers=\count117
\lst@framebox=\box31
)
(/usr/local/texlive/2007/texmf-dist/tex/latex/listings/listings.cfg
File: listings.cfg 2004/09/05 1.3 listings configuration
))
Package: listings 2004/10/17 1.3b (Carsten Heinz)

(/usr/local/texlive/2007/texmf-dist/tex/latex/minitoc/minitoc.sty
Package: minitoc 2007/01/09 v51 Package minitoc (JPFD)

(/usr/local/texlive/2007/texmf-dist/tex/latex/minitoc/mtcmess.sty
Package: mtcmess 2006/03/14
)
Package minitoc Info: <I0001>
(minitoc)             *** minitoc package, version 51 ***.
\tf@mtc=\write3
\mtcindent=\skip55
\mtcskipamount=\skip56
Package minitoc Info: <I0005>
(minitoc)             compatible with hyperref.
Package minitoc Info: <I0023>
(minitoc)             part level macros available.
Package minitoc Info: <I0004>
(minitoc)             chapter level macros NOT available.
Package minitoc Info: <I0028>
(minitoc)             section level macros available.
\mtc@toks=\toks32
\mtc@strutbox=\box32
\mtc@hstrutbox=\box33
Package minitoc Info: <I0002>
(minitoc)             Autoconfiguration of extensions.
\openout3 = `index.mtc1'.

\openout3 = `index.mtc'.


(./index.mtc1)
Package minitoc Info: <I0012>
(minitoc)             Long extensions (Unix-like) will be used.
Package minitoc Info: <I0031>
(minitoc)             ==> this version is configured for UNIX-like 
(minitoc)                 (long extensions) file names.
\openout3 = `index.mtc'.

\openout3 = `index.mtc1'.

\c@ptc=\count118
\c@parttocdepth=\count119
\ptcindent=\skip57
\c@stc=\count120
\c@secttocdepth=\count121
\stcindent=\skip58
Package minitoc Info: <I0010>
(minitoc)             The english language is selected.
(minitoc)              on input line 4684.

(/usr/local/texlive/2007/texmf-dist/tex/latex/minitoc/english.mld
File: english.mld 2006/01/13
)
(/usr/local/texlive/2007/texmf-dist/tex/latex/minitoc/english.mld
File: english.mld 2006/01/13
))
No file index.aux.
\openout1 = `index.aux'.

LaTeX Font Info:    Checking defaults for OML/cmm/m/it on input line 63.
LaTeX Font Info:    ... okay on input line 63.
LaTeX Font Info:    Checking defaults for T1/cmr/m/n on input line 63.
LaTeX Font Info:    ... okay on input line 63.
LaTeX Font Info:    Checking defaults for OT1/cmr/m/n on input line 63.
LaTeX Font Info:    ... okay on input line 63.
LaTeX Font Info:    Checking defaults for OMS/cmsy/m/n on input line 63.
LaTeX Font Info:    ... okay on input line 63.
LaTeX Font Info:    Checking defaults for OMX/cmex/m/n on input line 63.
LaTeX Font Info:    ... okay on input line 63.
LaTeX Font Info:    Checking defaults for U/cmr/m/n on input line 63.
LaTeX Font Info:    ... okay on input line 63.
(/usr/local/texlive/2007/texmf-dist/tex/context/base/supp-pdf.tex
[Loading MPS to PDF converter (version 2006.09.02).]
\scratchcounter=\count122
\scratchdimen=\dimen120
\scratchbox=\box34
\nofMPsegments=\count123
\nofMParguments=\count124
\MPscratchCnt=\count125
\MPscratchDim=\dimen121
\MPnumerator=\count126
\everyMPtoPDFconversion=\toks33
)
Package minitoc(hints) Info: <I0049>
(minitoc(hints))             ==> You requested the hints option 
(minitoc(hints))             Some hints are eventually given below.
LaTeX Font Info:    Try loading font information for U+msa on input line 65.
 (/usr/local/texlive/2007/texmf-dist/tex/latex/amsfonts/umsa.fd
File: umsa.fd 2002/01/19 v2.2g AMS font definitions
)
LaTeX Font Info:    Try loading font information for U+msb on input line 65.

(/usr/local/texlive/2007/texmf-dist/tex/latex/amsfonts/umsb.fd
File: umsb.fd 2002/01/19 v2.2g AMS font definitions
) [1

{/usr/local/texlive/2007/texmf-var/fonts/map/pdftex/updmap/pdftex.map}]

LaTeX Warning: Citation `stone-ica-tutorial' on page 2 undefined on input line 
90.


LaTeX Warning: Reference `standardICA' on page 2 undefined on input line 91.

[2]

LaTeX Warning: Reference `components' on page 3 undefined on input line 111.


LaTeX Warning: Reference `mutual-independence' on page 3 undefined on input lin
e 111.


LaTeX Warning: Reference `ica-scs-connection' on page 3 undefined on input line
 111.


LaTeX Warning: Citation `apple-core-image' on page 3 undefined on input line 12
5.

LaTeX Font Info:    Try loading font information for OMS+cmr on input line 130.

(/usr/local/texlive/2007/texmf-dist/tex/latex/base/omscmr.fd
File: omscmr.fd 1999/05/25 v2.5h Standard LaTeX font definitions
)
LaTeX Font Info:    Font shape `OMS/cmr/m/n' in size <12> not available
(Font)              Font shape `OMS/cmsy/m/n' tried instead on input line 130.
 [3]

LaTeX Warning: Reference `gso-theorem' on page 4 undefined on input line 153.


LaTeX Warning: Reference `gso-theorem' on page 4 undefined on input line 153.


LaTeX Warning: Reference `alg:gso' on page 4 undefined on input line 153.

[4]

LaTeX Warning: Citation `schaums-linear-algebra' on page 5 undefined on input l
ine 165.

[5]

LaTeX Warning: Citation `schaums-linear-algebra' on page 6 undefined on input l
ine 210.


LaTeX Warning: Reference `eigenvalueDefinition' on page 6 undefined on input li
ne 212.


LaTeX Warning: Reference `eigenvalueCharacteristicEquation' on page 6 undefined
 on input line 216.


LaTeX Warning: Citation `schaums-linear-algebra' on page 6 undefined on input l
ine 222.

[6]

LaTeX Warning: Citation `moon-stirling-book' on page 7 undefined on input line 
230.


LaTeX Warning: Reference `pca-characteristic' on page 7 undefined on input line
 232.


LaTeX Warning: Reference `pca-characteristic' on page 7 undefined on input line
 236.


LaTeX Warning: Reference `pca-optimization-definition' on page 7 undefined on i
nput line 236.


LaTeX Warning: Reference `pca-optimization-derivation' on page 7 undefined on i
nput line 240.

[7]

LaTeX Warning: Reference `pca-optimization-derivation' on page 8 undefined on i
nput line 245.


LaTeX Warning: Citation `apple-accelerate-framework' on page 8 undefined on inp
ut line 252.


LaTeX Warning: Reference `transformation-masking-maps' on page 8 undefined on i
nput line 254.

<randomFramework.pdf, id=37, 561.09625pt x 499.8675pt>
File: randomFramework.pdf Graphic file (type pdf)

<use randomFramework.pdf> [8] [9 <./randomFramework.pdf>]

LaTeX Warning: Reference `entropy' on page 10 undefined on input line 315.


LaTeX Warning: Reference `standardICA' on page 10 undefined on input line 318.


LaTeX Warning: Reference `standardICANoiseless' on page 10 undefined on input l
ine 318.

[10]

LaTeX Warning: Reference `standardICAInverse' on page 11 undefined on input lin
e 328.


LaTeX Warning: Reference `unwhitenedICA' on page 11 undefined on input line 328
.


LaTeX Warning: Reference `whitenedICs' on page 11 undefined on input line 328.

[11]

LaTeX Warning: Reference `kurtosisStandardWhite' on page 12 undefined on input 
line 344.


LaTeX Warning: Reference `kurtosisStandardWhiteAssumed' on page 12 undefined on
 input line 344.


LaTeX Warning: Reference `addKurtosis' on page 12 undefined on input line 352.


LaTeX Warning: Reference `scaleKurtosis' on page 12 undefined on input line 352
.


LaTeX Warning: Reference `kurtosisAppliedToICACharacter' on page 12 undefined o
n input line 358.


LaTeX Warning: Reference `consequenceOfICACharacter' on page 12 undefined on in
put line 358.


LaTeX Warning: Reference `icAssumptionUnitCircle' on page 12 undefined on input
 line 358.

[12]

LaTeX Warning: Citation `appo-ica-book' on page 13 undefined on input line 410.



LaTeX Warning: Reference `maximizing-via-negentropy' on page 13 undefined on in
put line 410.


LaTeX Warning: Reference `negentropyGauss' on page 13 undefined on input line 4
10.


LaTeX Warning: Reference `normalEntropy' on page 13 undefined on input line 410
.


LaTeX Warning: Reference `whitenedNegentropyEstimation' on page 13 undefined on
 input line 410.

[13]

LaTeX Warning: Reference `nonPolynomialApproximationNegentropy' on page 14 unde
fined on input line 418.


LaTeX Warning: Reference `normalConstraintOnMixer' on page 14 undefined on inpu
t line 418.


LaTeX Warning: Reference `directionNegentropyNonPoly' on page 14 undefined on i
nput line 418.


LaTeX Warning: Reference `alg:FastICA-Stochastic-Negentropy-Projection-Pursuit'
 on page 14 undefined on input line 418.


LaTeX Warning: Reference `alg:FastICA-Negentropy-Projection-Pursuit' on page 14
 undefined on input line 418.

[14] [15] [16]

LaTeX Warning: Citation `appo-ica-book' on page 17 undefined on input line 488.



LaTeX Warning: Citation `appo-ica-book' on page 17 undefined on input line 506.


[17]

LaTeX Warning: Reference `image_character' on page 18 undefined on input line 5
66.


LaTeX Warning: Citation `appo-ica-book' on page 18 undefined on input line 576.


[18]

LaTeX Warning: Citation `appo-ica-book' on page 19 undefined on input line 580.


[19] <patchWorld.pdf, id=154, 505.89pt x 490.83376pt>
File: patchWorld.pdf Graphic file (type pdf)
 <use patchWorld.pdf>
[20] [21]

LaTeX Warning: Reference `exponent' on page 22 undefined on input line 702.


LaTeX Warning: Reference `Laplace' on page 22 undefined on input line 702.

[22 <./patchWorld.pdf>]

LaTeX Warning: Reference `simpleICA' on page 23 undefined on input line 710.

(/usr/local/texlive/2007/texmf-dist/tex/latex/listings/lstlang1.sty
File: lstlang1.sty 2004/09/05 1.3 listings language file
)
(/usr/local/texlive/2007/texmf-dist/tex/latex/listings/lstlang1.sty
File: lstlang1.sty 2004/09/05 1.3 listings language file
)
(/usr/local/texlive/2007/texmf-dist/tex/latex/listings/lstmisc.sty
File: lstmisc.sty 2004/09/07 1.3 (Carsten Heinz)
) [23]
[24] [25]
LaTeX Font Info:    Try loading font information for OML+cmr on input line 781.

 (/usr/local/texlive/2007/texmf-dist/tex/latex/base/omlcmr.fd
File: omlcmr.fd 1999/05/25 v2.5h Standard LaTeX font definitions
)
LaTeX Font Info:    Font shape `OML/cmr/m/n' in size <12> not available
(Font)              Font shape `OML/cmm/m/it' tried instead on input line 781.

<estimators.pdf, id=236, 549.05125pt x 434.62375pt>
File: estimators.pdf Graphic file (type pdf)
 <use estimators.pdf>

LaTeX Warning: Reference `estimatorDefinition' on page 26 undefined on input li
ne 801.


LaTeX Warning: Reference `unbiasedEstimator' on page 26 undefined on input line
 810.


LaTeX Warning: Reference `unbiasedEstimatorGiven' on page 26 undefined on input
 line 810.

[26]

LaTeX Warning: Citation `appo-ica-book' on page 27 undefined on input line 823.



LaTeX Warning: Reference `lossFunctionDefition' on page 27 undefined on input l
ine 826.

[27 <./estimators.pdf>]

LaTeX Warning: Citation `appo-ica-book' on page 28 undefined on input line 832.



LaTeX Warning: Reference `efficientEstimatorDefinition' on page 28 undefined on
 input line 835.


LaTeX Warning: Citation `appo-ica-book' on page 28 undefined on input line 841.



LaTeX Warning: Reference `cramerRaoLowerBound' on page 28 undefined on input li
ne 843.

[28]

LaTeX Warning: Citation `appo-ica-book' on page 29 undefined on input line 855.



LaTeX Warning: Reference `robustnessDefinition' on page 29 undefined on input l
ine 858.


LaTeX Warning: Citation `appo-ica-book' on page 29 undefined on input line 864.



LaTeX Warning: Citation `wolfram-mathworld-least-squares' on page 29 undefined 
on input line 874.

[29]

LaTeX Warning: Reference `bayesTheorem' on page 30 undefined on input line 911.


[30]

LaTeX Warning: Citation `appo-ica-book' on page 31 undefined on input line 926.


[31]

LaTeX Warning: Reference `ln_bayes' on page 32 undefined on input line 940.

[32]

LaTeX Warning: Citation `moon-stirling-book' on page 33 undefined on input line
 966.

[33]

LaTeX Warning: Reference `constant-entropy' on page 34 undefined on input line 
983.


LaTeX Warning: Reference `regularity-condition-constraint-for-entropy' on page 
34 undefined on input line 983.


LaTeX Warning: Reference `regularity-condition-constraint-for-entropy' on page 
34 undefined on input line 983.


LaTeX Warning: Reference `negentropy' on page 34 undefined on input line 992.

[34]

LaTeX Warning: Reference `constant-entropy' on page 35 undefined on input line 
1000.


LaTeX Warning: Citation `appo-ica-book' on page 35 undefined on input line 1001
.


LaTeX Warning: Reference `standardized-Gaussian' on page 35 undefined on input 
line 1007.


LaTeX Warning: Reference `standardized-Gaussian-first-derivative' on page 35 un
defined on input line 1007.

[35]

LaTeX Warning: Reference `general-nonpolynomial' on page 36 undefined on input 
line 1035.


Overfull \hbox (2.26369pt too wide) in paragraph at lines 1035--1036
\OT1/cmr/m/n/12 These con-straints al-low for a first or-der ap-prox-i-ma-tion 
to be con-structed for a one-dimensional
 []

No file index.bbl.
Package minitoc Info: <I0009>
(minitoc)             Listing minitoc auxiliary files. 
(minitoc)             Creating the index.maf file.
\openout3 = `index.maf'.

Package minitoc(hints) Info: <I0019>
(minitoc(hints))             No hints have been written 
(minitoc(hints))             in the index.log file..
[36] (./index.aux)

LaTeX Warning: There were undefined references.


LaTeX Warning: Label(s) may have changed. Rerun to get cross-references right.

 ) 
Here is how much of TeX's memory you used:
 5912 strings out of 94073
 76379 string characters out of 1162984
 146314 words of memory out of 1500000
 8911 multiletter control sequences out of 10000+50000
 15403 words of font info for 57 fonts, out of 1200000 for 2000
 645 hyphenation exceptions out of 8191
 34i,10n,60p,762b,1677s stack positions out of 5000i,500n,6000p,200000b,5000s
</usr/local/texlive/2007/texmf-dist/fonts/type1/bluesky/cm/cmbx10.pfb></usr/l
ocal/texlive/2007/texmf-dist/fonts/type1/bluesky/cm/cmbx12.pfb></usr/local/texl
ive/2007/texmf-dist/fonts/type1/bluesky/cm/cmbx8.pfb></usr/local/texlive/2007/t
exmf-dist/fonts/type1/bluesky/cm/cmbxti10.pfb></usr/local/texlive/2007/texmf-di
st/fonts/type1/bluesky/cm/cmex10.pfb></usr/local/texlive/2007/texmf-dist/fonts/
type1/bluesky/cm/cmmi12.pfb></usr/local/texlive/2007/texmf-dist/fonts/type1/blu
esky/cm/cmmi6.pfb></usr/local/texlive/2007/texmf-dist/fonts/type1/bluesky/cm/cm
mi8.pfb></usr/local/texlive/2007/texmf-dist/fonts/type1/bluesky/cm/cmr12.pfb></
usr/local/texlive/2007/texmf-dist/fonts/type1/bluesky/cm/cmr17.pfb></usr/local/
texlive/2007/texmf-dist/fonts/type1/bluesky/cm/cmr6.pfb></usr/local/texlive/200
7/texmf-dist/fonts/type1/bluesky/cm/cmr8.pfb></usr/local/texlive/2007/texmf-dis
t/fonts/type1/bluesky/cm/cmsl12.pfb></usr/local/texlive/2007/texmf-dist/fonts/t
ype1/bluesky/cm/cmsl8.pfb></usr/local/texlive/2007/texmf-dist/fonts/type1/blues
ky/cm/cmsy10.pfb></usr/local/texlive/2007/texmf-dist/fonts/type1/bluesky/cm/cms
y8.pfb></usr/local/texlive/2007/texmf-dist/fonts/type1/bluesky/cm/cmti12.pfb>
Output written on index.pdf (36 pages, 293105 bytes).
PDF statistics:
 379 PDF objects out of 1000 (max. 8388607)
 0 named destinations out of 1000 (max. 131072)
 16 words of extra memory for PDF output out of 10000 (max. 10000000)

