This is pdfTeX, Version 3.141592-1.40.0-rc4 (Web2C 7.5.5) (format=pdflatex 2006.12.29)  31 MAY 2007 15:22
entering extended mode
\write18 enabled.
**nonKernelClassifiers.tex
(./nonKernelClassifiers.tex
LaTeX2e <2005/12/01>
Babel <v3.8h> and hyphenation patterns for english, usenglishmax, dumylang, noh
yphenation, basque, bulgarian, coptic, welsh, czech, slovak, german, ngerman, d
anish, spanish, catalan, galician, esperanto, estonian, finnish, french, greek,
 monogreek, ancientgreek, croatian, hungarian, interlingua, ibycus, indonesian,
 icelandic, italian, latin, mongolian, dutch, norsk, polish, portuguese, pinyin
, romanian, russian, slovene, uppersorbian, serbian, swedish, turkish, ukenglis
h, ukrainian, loaded.
(/usr/local/gwTeX/texmf.texlive/tex/latex/base/report.cls
Document Class: report 2005/09/16 v1.4f Standard LaTeX document class
(/usr/local/gwTeX/texmf.texlive/tex/latex/base/size12.clo
File: size12.clo 2005/09/16 v1.4f Standard LaTeX file (size option)
)
\c@part=\count79
\c@chapter=\count80
\c@section=\count81
\c@subsection=\count82
\c@subsubsection=\count83
\c@paragraph=\count84
\c@subparagraph=\count85
\c@figure=\count86
\c@table=\count87
\abovecaptionskip=\skip41
\belowcaptionskip=\skip42
\bibindent=\dimen102
)
(/usr/local/gwTeX/texmf.texlive/tex/latex/geometry/geometry.sty
Package: geometry 2002/07/08 v3.2 Page Geometry

(/usr/local/gwTeX/texmf.texlive/tex/latex/graphics/keyval.sty
Package: keyval 1999/03/16 v1.13 key=value parser (DPC)
\KV@toks@=\toks14
)
\Gm@cnth=\count88
\Gm@cntv=\count89
\c@Gm@tempcnt=\count90
\Gm@bindingoffset=\dimen103
\Gm@wd@mp=\dimen104
\Gm@odd@mp=\dimen105
\Gm@even@mp=\dimen106
\Gm@dimlist=\toks15

(/usr/local/gwTeX/texmf.texlive/tex/latex/geometry/geometry.cfg))
(./doublespace.sty)
(/usr/local/gwTeX/texmf.texlive/tex/latex/graphics/graphicx.sty
Package: graphicx 1999/02/16 v1.0f Enhanced LaTeX Graphics (DPC,SPQR)

(/usr/local/gwTeX/texmf.texlive/tex/latex/graphics/graphics.sty
Package: graphics 2006/02/20 v1.0o Standard LaTeX Graphics (DPC,SPQR)

(/usr/local/gwTeX/texmf.texlive/tex/latex/graphics/trig.sty
Package: trig 1999/03/16 v1.09 sin cos tan (DPC)
)
(/usr/local/gwTeX/texmf.texlive/tex/latex/config/graphics.cfg
File: graphics.cfg 2001/08/31 v1.1 graphics configuration of teTeX/TeXLive
)
Package graphics Info: Driver file: pdftex.def on input line 90.

(/usr/local/gwTeX/texmf.texlive/tex/latex/pdftex-def/pdftex.def
File: pdftex.def 2006/08/14 v0.03t Graphics/color for pdfTeX
\Gread@gobject=\count91
))
\Gin@req@height=\dimen107
\Gin@req@width=\dimen108
)
(/usr/local/gwTeX/texmf.texlive/tex/latex/amsfonts/amssymb.sty
Package: amssymb 2002/01/22 v2.2d

(/usr/local/gwTeX/texmf.texlive/tex/latex/amsfonts/amsfonts.sty
Package: amsfonts 2001/10/25 v2.2f
\@emptytoks=\toks16
\symAMSa=\mathgroup4
\symAMSb=\mathgroup5
LaTeX Font Info:    Overwriting math alphabet `\mathfrak' in version `bold'
(Font)                  U/euf/m/n --> U/euf/b/n on input line 132.
))
(/usr/local/gwTeX/texmf.texlive/tex/latex/oberdiek/epstopdf.sty
Package: epstopdf 2006/08/26 v1.3 Conversion with epstopdf on the fly (HO)
)
(/usr/local/gwTeX/texmf.texlive/tex/latex/listings/listings.sty
\lst@mode=\count92
\lst@gtempboxa=\box26
\lst@token=\toks17
\lst@length=\count93
\lst@currlwidth=\dimen109
\lst@column=\count94
\lst@pos=\count95
\lst@lostspace=\dimen110
\lst@width=\dimen111
\lst@newlines=\count96
\lst@lineno=\count97
\c@lstlisting=\count98
\lst@maxwidth=\dimen112

(/usr/local/gwTeX/texmf.texlive/tex/latex/listings/lstpatch.sty
File: lstpatch.sty 2004/10/17 1.3b (Carsten Heinz)
)
(/usr/local/gwTeX/texmf.texlive/tex/latex/listings/lstmisc.sty
File: lstmisc.sty 2004/09/07 1.3 (Carsten Heinz)
\c@lstnumber=\count99
\lst@skipnumbers=\count100
\lst@framebox=\box27
)
(/usr/local/gwTeX/texmf.texlive/tex/latex/listings/listings.cfg
File: listings.cfg 2004/09/05 1.3 listings configuration
))
Package: listings 2004/10/17 1.3b (Carsten Heinz)

(/usr/local/gwTeX/texmf.texlive/tex/latex/algorithms/algorithm.sty
Package: algorithm 

Document Style `algorithm' - floating environment
(/usr/local/gwTeX/texmf.texlive/tex/latex/float/float.sty
Package: float 2001/11/08 v1.3d Float enhancements (AL)
\c@float@type=\count101
\float@exts=\toks18
\float@box=\box28
\@float@everytoks=\toks19
\@floatcapt=\box29
)
(/usr/local/gwTeX/texmf.texlive/tex/latex/base/ifthen.sty
Package: ifthen 2001/05/26 v1.1c Standard LaTeX ifthen package (DPC)
)
\@float@every@algorithm=\toks20
\c@algorithm=\count102
)
(/usr/local/gwTeX/texmf.texlive/tex/latex/algorithms/algorithmic.sty
Package: algorithmic 2006/06/02

Document Style `algorithmic' - environment
(/usr/local/gwTeX/texmf.texlive/tex/latex/tools/calc.sty
Package: calc 2005/08/06 v4.2 Infix arithmetic (KKT,FJ)
\calc@Acount=\count103
\calc@Bcount=\count104
\calc@Adimen=\dimen113
\calc@Bdimen=\dimen114
\calc@Askip=\skip43
\calc@Bskip=\skip44
LaTeX Info: Redefining \setlength on input line 75.
LaTeX Info: Redefining \addtolength on input line 76.
\calc@Ccount=\count105
\calc@Cskip=\skip45
)
\c@ALC@line=\count106
\c@ALC@rem=\count107
\c@ALC@depth=\count108
\ALC@tlm=\skip46
\algorithmicindent=\skip47
)
(./nonKernelClassifiers.aux)
\openout1 = `nonKernelClassifiers.aux'.

LaTeX Font Info:    Checking defaults for OML/cmm/m/it on input line 20.
LaTeX Font Info:    ... okay on input line 20.
LaTeX Font Info:    Checking defaults for T1/cmr/m/n on input line 20.
LaTeX Font Info:    ... okay on input line 20.
LaTeX Font Info:    Checking defaults for OT1/cmr/m/n on input line 20.
LaTeX Font Info:    ... okay on input line 20.
LaTeX Font Info:    Checking defaults for OMS/cmsy/m/n on input line 20.
LaTeX Font Info:    ... okay on input line 20.
LaTeX Font Info:    Checking defaults for OMX/cmex/m/n on input line 20.
LaTeX Font Info:    ... okay on input line 20.
LaTeX Font Info:    Checking defaults for U/cmr/m/n on input line 20.
LaTeX Font Info:    ... okay on input line 20.
-------------------- Geometry parameters
paper: letterpaper
landscape: --
twocolumn: --
twoside: --
asymmetric: --
h-parts: 92.14519pt, 0.7\paperwidth , 92.14519pt (default)
v-parts: 95.39737pt, 0.7\paperheight , 143.09605pt (default)
hmarginratio: 1:1
vmarginratio: 2:3
lines: --
heightrounded: --
bindingoffset: 0.0pt
truedimen: --
includehead: --
includefoot: --
includemp: --
driver: pdftex
-------------------- Page layout dimensions and switches
\paperwidth  614.295pt
\paperheight 794.96999pt
\textwidth  430.00462pt
\textheight 556.47656pt
\oddsidemargin  19.8752pt
\evensidemargin 19.8752pt
\topmargin  -13.87262pt
\headheight 12.0pt
\headsep    25.0pt
\footskip   30.0pt
\marginparwidth 44.0pt
\marginparsep   10.0pt
\columnsep  10.0pt
\skip\footins  20.0pt plus 4.0pt minus 4.0pt
\hoffset 0.0pt
\voffset 0.0pt
\mag 1000

(1in=72.27pt, 1cm=28.45pt)
-----------------------

(/usr/local/gwTeX/texmf.texlive/tex/context/base/supp-pdf.tex
[Loading MPS to PDF converter (version 2006.09.02).]
\scratchcounter=\count109
\scratchdimen=\dimen115
\scratchbox=\box30
\nofMPsegments=\count110
\nofMParguments=\count111
\MPscratchCnt=\count112
\MPscratchDim=\dimen116
\MPnumerator=\count113
\everyMPtoPDFconversion=\toks21
)
LaTeX Font Info:    Try loading font information for U+msa on input line 21.
 (/usr/local/gwTeX/texmf.texlive/tex/latex/amsfonts/umsa.fd
File: umsa.fd 2002/01/19 v2.2g AMS font definitions
)
LaTeX Font Info:    Try loading font information for U+msb on input line 21.

(/usr/local/gwTeX/texmf.texlive/tex/latex/amsfonts/umsb.fd
File: umsb.fd 2002/01/19 v2.2g AMS font definitions
) [1

{/usr/local/gwTeX/texmf.local/fonts/map/pdftex/updmap/pdftex.map}] [1] [2]
Chapter 1.
[1

]
LaTeX Font Info:    Try loading font information for OMS+cmr on input line 50.
 (/usr/local/gwTeX/texmf.texlive/tex/latex/base/omscmr.fd
File: omscmr.fd 1999/05/25 v2.5h Standard LaTeX font definitions
)
LaTeX Font Info:    Font shape `OMS/cmr/m/n' in size <12> not available
(Font)              Font shape `OMS/cmsy/m/n' tried instead on input line 50.
 [2] [3] [4]
(/usr/local/gwTeX/texmf.texlive/tex/latex/listings/lstlang1.sty
File: lstlang1.sty 2004/09/05 1.3 listings language file
)
(/usr/local/gwTeX/texmf.texlive/tex/latex/listings/lstlang1.sty
File: lstlang1.sty 2004/09/05 1.3 listings language file
)
(/usr/local/gwTeX/texmf.texlive/tex/latex/listings/lstmisc.sty
File: lstmisc.sty 2004/09/07 1.3 (Carsten Heinz)
) [5]
LaTeX Font Info:    Try loading font information for OML+cmr on input line 140.


(/usr/local/gwTeX/texmf.texlive/tex/latex/base/omlcmr.fd
File: omlcmr.fd 1999/05/25 v2.5h Standard LaTeX font definitions
)
LaTeX Font Info:    Font shape `OML/cmr/m/n' in size <12> not available
(Font)              Font shape `OML/cmm/m/it' tried instead on input line 140.
 [6] [7]
Overfull \hbox (98.74446pt too wide) in paragraph at lines 167--168
[][][][][][][][][][][][][][][][][] 
 []


Overfull \hbox (63.49452pt too wide) in paragraph at lines 169--170
[][][][][][][][][][][][][] 
 []

[8] <emComponentSelection.pdf, id=46, 295.1025pt x 199.74625pt>
File: emComponentSelection.pdf Graphic file (type pdf)

<use emComponentSelection.pdf> [9]
<maskSelector.pdf, id=50, 288.07625pt x 442.65375pt>
File: maskSelector.pdf Graphic file (type pdf)
 <use maskSelector.pdf>
<plot.png, id=51, 642.4pt x 481.8pt>
File: plot.png Graphic file (type png)
 <use plot.png>
<probability.png, id=52, 642.4pt x 481.8pt>
File: probability.png Graphic file (type png)
 <use probability.png> [10 <./emComponentSelection.pdf>] [11 <./maskSelector.pd
f>] [12 <./plot.png (PNG copy)> <./probability.png (PNG copy)>] [13] [14] [15] 
[16] [17] [18] [19] [20]
Chapter 2.
[21

]
Overfull \hbox (8.50482pt too wide) in paragraph at lines 369--370
[]\OT1/cmr/m/n/12 Use Prin-ci-pal Com-po-nent Anal-y-sis (PCA) in com-bi-na-tio
n with the Whiten-
 []

[22]
Chapter 3.
[23

] [24] [25] [26]
Overfull \hbox (35.29457pt too wide) in paragraph at lines 419--420
[][][][][][][][][][][][][][][] 
 []


Overfull \hbox (28.24458pt too wide) in paragraph at lines 420--421
[][][][][][][][][][][][][][][] 
 []


Overfull \hbox (21.1946pt too wide) in paragraph at lines 421--422
[][][][][][][][][][][][][][][] 
 []

[27] [28] [29] [30] [31] [32]
LaTeX Font Info:    Font shape `OMS/cmr/m/it' in size <12> not available
(Font)              Font shape `OMS/cmsy/m/n' tried instead on input line 511.

Overfull \hbox (7.09462pt too wide) in paragraph at lines 512--513
[][][][][][][][][][][][][][][][][] 
 []


Overfull \hbox (35.29457pt too wide) in paragraph at lines 519--520
[][][][][][][][][][][][][][][] 
 []

[33] [34] [35]
Overfull \hbox (19.07571pt too wide) in paragraph at lines 575--588
[][] 
 []

[36] [37] (./nonKernelClassifiers.bbl [38] [39]) [40

]
(./nonKernelClassifiers.aux)

LaTeX Warning: Label(s) may have changed. Rerun to get cross-references right.

 ) 
Here is how much of TeX's memory you used:
 3507 strings out of 94087
 48785 string characters out of 1163863
 2091475 words of memory out of 4542688
 6741 multiletter control sequences out of 10000+50000
 13986 words of font info for 53 fonts, out of 2000000 for 2000
 645 hyphenation exceptions out of 5000
 34i,13n,60p,824b,1540s stack positions out of 5000i,500n,6000p,200000b,50000s
</usr/local/gwTeX/texmf.texlive/fonts/type1/bluesky/cm/cmbx12.pfb></usr/local
/gwTeX/texmf.texlive/fonts/type1/bluesky/cm/cmbx8.pfb></usr/local/gwTeX/texmf.t
exlive/fonts/type1/bluesky/cm/cmex10.pfb></usr/local/gwTeX/texmf.texlive/fonts/
type1/bluesky/cm/cmmi12.pfb></usr/local/gwTeX/texmf.texlive/fonts/type1/bluesky
/cm/cmmi6.pfb></usr/local/gwTeX/texmf.texlive/fonts/type1/bluesky/cm/cmmi8.pfb>
</usr/local/gwTeX/texmf.texlive/fonts/type1/bluesky/cm/cmr12.pfb></usr/local/gw
TeX/texmf.texlive/fonts/type1/bluesky/cm/cmr17.pfb></usr/local/gwTeX/texmf.texl
ive/fonts/type1/bluesky/cm/cmr8.pfb></usr/local/gwTeX/texmf.texlive/fonts/type1
/bluesky/cm/cmsy10.pfb></usr/local/gwTeX/texmf.texlive/fonts/type1/bluesky/cm/c
msy8.pfb></usr/local/gwTeX/texmf.texlive/fonts/type1/bluesky/cm/cmti12.pfb>
Output written on nonKernelClassifiers.pdf (43 pages, 244207 bytes).
PDF statistics:
 586 PDF objects out of 1000 (max. 8388607)
 0 named destinations out of 1000 (max. 131072)
 21 words of extra memory for PDF output out of 10000 (max. 10000000)

